#
# A fatal error has been detected by the Java Runtime Environment:
#
#  Internal Error (javaCalls.cpp:51), pid=26772, tid=0x00000000000066f4
#  guarantee(thread->is_Java_thread()) failed: crucial check - the VM thread cannot and must not escape to Java code
#
# JRE version: Java(TM) SE Runtime Environment (8.0_221-b11) (build 1.8.0_221-b11)
# Java VM: Java HotSpot(TM) 64-Bit Server VM (25.221-b11 mixed mode windows-amd64 compressed oops)
# Failed to write core dump. Minidumps are not enabled by default on client versions of Windows
#
# If you would like to submit a bug report, please visit:
#   http://bugreport.java.com/bugreport/crash.jsp
#

---------------  T H R E A D  ---------------

Current thread (0x0000000018409800):  VMThread [stack: 0x000000001a0d0000,0x000000001a1d0000] [id=26356]

Stack: [0x000000001a0d0000,0x000000001a1d0000]
[error occurred during error reporting (printing stack bounds), id 0xc0000005]

Native frames: (J=compiled Java code, j=interpreted, Vv=VM code, C=native code)

VM_Operation (0x000000001ab3f2b0): GetOrSetLocal, mode: safepoint, requested by thread 0x000000001a266800


---------------  P R O C E S S  ---------------

Java Threads: ( => current thread )
  0x000000001a321000 JavaThread "Service Thread" daemon [_thread_blocked, id=17596, stack(0x000000001b140000,0x000000001b240000)]
  0x000000001a291800 JavaThread "C1 CompilerThread3" daemon [_thread_blocked, id=21592, stack(0x000000001b040000,0x000000001b140000)]
  0x000000001a291000 JavaThread "C2 CompilerThread2" daemon [_thread_blocked, id=8076, stack(0x000000001af40000,0x000000001b040000)]
  0x000000001a28e000 JavaThread "C2 CompilerThread1" daemon [_thread_blocked, id=5880, stack(0x000000001ae40000,0x000000001af40000)]
  0x000000001a287800 JavaThread "C2 CompilerThread0" daemon [_thread_blocked, id=20376, stack(0x000000001ad40000,0x000000001ae40000)]
  0x000000001a275800 JavaThread "JDWP Command Reader" daemon [_thread_in_native, id=21044, stack(0x000000001ac40000,0x000000001ad40000)]
  0x000000001a272800 JavaThread "JDWP Event Helper Thread" daemon [_thread_blocked, id=16552, stack(0x000000001ab40000,0x000000001ac40000)]
  0x000000001a266800 JavaThread "JDWP Transport Listener: dt_socket" daemon [_thread_blocked, id=24448, stack(0x000000001aa40000,0x000000001ab40000)]
  0x000000001a25d800 JavaThread "Attach Listener" daemon [_thread_blocked, id=27412, stack(0x000000001a940000,0x000000001aa40000)]
  0x000000001a25c000 JavaThread "Signal Dispatcher" daemon [_thread_blocked, id=18044, stack(0x000000001a840000,0x000000001a940000)]
  0x000000001a1f1800 JavaThread "Finalizer" daemon [_thread_blocked, id=15584, stack(0x000000001a6d0000,0x000000001a7d0000)]
  0x000000001a1f0800 JavaThread "Reference Handler" daemon [_thread_blocked, id=1436, stack(0x000000001a5d0000,0x000000001a6d0000)]
  0x0000000003372800 JavaThread "main" [_thread_blocked, id=12896, stack(0x0000000002ee0000,0x0000000002fe0000)]

Other Threads:
=>0x0000000018409800 VMThread [stack: 0x000000001a0d0000,0x000000001a1d0000] [id=26356]
  0x000000001a2e8800 WatcherThread [stack: 0x000000001b240000,0x000000001b340000] [id=9628]

VM state:at safepoint (normal execution)

VM Mutex/Monitor currently owned by a thread:  ([mutex/lock_event])
[0x0000000002ede8c0] Threads_lock - owner thread: 0x0000000018409800

heap address: 0x0000000081800000, size: 2024 MB, Compressed Oops mode: 32-bit
Narrow klass base: 0x0000000000000000, Narrow klass shift: 3
Compressed class space size: 1073741824 Address: 0x0000000100000000

Heap:
 PSYoungGen      total 38400K, used 2662K [0x00000000d5d80000, 0x00000000d8800000, 0x0000000100000000)
  eden space 33280K, 8% used [0x00000000d5d80000,0x00000000d6019ae0,0x00000000d7e00000)
  from space 5120K, 0% used [0x00000000d8300000,0x00000000d8300000,0x00000000d8800000)
  to   space 5120K, 0% used [0x00000000d7e00000,0x00000000d7e00000,0x00000000d8300000)
 ParOldGen       total 87552K, used 0K [0x0000000081800000, 0x0000000086d80000, 0x00000000d5d80000)
  object space 87552K, 0% used [0x0000000081800000,0x0000000081800000,0x0000000086d80000)
 Metaspace       used 3561K, capacity 4678K, committed 4864K, reserved 1056768K
  class space    used 396K, capacity 430K, committed 512K, reserved 1048576K

Card table byte_map: [0x0000000012830000,0x0000000012c30000] byte_map_base: 0x0000000012424000

Marking Bits: (ParMarkBitMap*) 0x000000005d435ce0
 Begin Bits: [0x00000000136e0000, 0x0000000015680000)
 End Bits:   [0x0000000015680000, 0x0000000017620000)

Polling page: 0x0000000002eb0000

CodeCache: size=245760Kb used=1181Kb max_used=1181Kb free=244578Kb
 bounds [0x0000000003470000, 0x00000000036e0000, 0x0000000012470000]
 total_blobs=301 nmethods=63 adapters=159
 compilation: enabled

Compilation events (10 events):
Event: 0.730 Thread 0x000000001a291800   59       3       java.util.regex.ASCII::isAscii (13 bytes)
Event: 0.730 Thread 0x000000001a291800 nmethod 59 0x00000000035968d0 code [0x0000000003596a20, 0x0000000003596bb0]
Event: 0.730 Thread 0x000000001a291800   60       3       java.util.regex.Pattern::peek (26 bytes)
Event: 0.730 Thread 0x000000001a291800 nmethod 60 0x0000000003596c10 code [0x0000000003596d80, 0x0000000003597048]
Event: 0.731 Thread 0x000000001a291800   61       3       java.lang.Character::isBmpCodePoint (13 bytes)
Event: 0.731 Thread 0x000000001a291800 nmethod 61 0x0000000003597190 code [0x00000000035972e0, 0x0000000003597470]
Event: 0.731 Thread 0x000000001a291800   62       3       java.util.regex.Pattern::next (33 bytes)
Event: 0.731 Thread 0x000000001a291800 nmethod 62 0x00000000035974d0 code [0x0000000003597640, 0x0000000003597928]
Event: 0.731 Thread 0x000000001a291800   63       1       java.util.regex.Pattern::flags (5 bytes)
Event: 0.731 Thread 0x000000001a291800 nmethod 63 0x0000000003597a50 code [0x0000000003597ba0, 0x0000000003597cb0]

GC Heap History (0 events):
No events

Deoptimization events (0 events):
No events

Classes redefined (4 events):
Event: 65.468 Thread 0x0000000018409800 redefined class name=Main, count=1
Event: 119.424 Thread 0x0000000018409800 redefined class name=Main, count=2
Event: 139.534 Thread 0x0000000018409800 redefined class name=Main, count=3
Event: 208.642 Thread 0x0000000018409800 redefined class name=Main, count=4

Internal exceptions (6 events):
Event: 0.142 Thread 0x0000000003372800 Exception <a 'java/lang/NoSuchMethodError': Method sun.misc.Unsafe.defineClass(Ljava/lang/String;[BII)Ljava/lang/Class; name or signature does not match> (0x00000000d5d87cb8) thrown at [C:\re\workspace\8-2-build-windows-amd64-cygwin\jdk8u221\13320\hotspot
Event: 0.142 Thread 0x0000000003372800 Exception <a 'java/lang/NoSuchMethodError': Method sun.misc.Unsafe.prefetchRead(Ljava/lang/Object;J)V name or signature does not match> (0x00000000d5d87fa0) thrown at [C:\re\workspace\8-2-build-windows-amd64-cygwin\jdk8u221\13320\hotspot\src\share\vm\prim
Event: 0.697 Thread 0x0000000003372800 Exception <a 'java/security/PrivilegedActionException'> (0x00000000d5f991f8) thrown at [C:\re\workspace\8-2-build-windows-amd64-cygwin\jdk8u221\13320\hotspot\src\share\vm\prims\jvm.cpp, line 1502]
Event: 0.697 Thread 0x0000000003372800 Exception <a 'java/security/PrivilegedActionException'> (0x00000000d5f995f0) thrown at [C:\re\workspace\8-2-build-windows-amd64-cygwin\jdk8u221\13320\hotspot\src\share\vm\prims\jvm.cpp, line 1502]
Event: 0.698 Thread 0x0000000003372800 Exception <a 'java/security/PrivilegedActionException'> (0x00000000d5f9b788) thrown at [C:\re\workspace\8-2-build-windows-amd64-cygwin\jdk8u221\13320\hotspot\src\share\vm\prims\jvm.cpp, line 1502]
Event: 0.698 Thread 0x0000000003372800 Exception <a 'java/security/PrivilegedActionException'> (0x00000000d5f9bb80) thrown at [C:\re\workspace\8-2-build-windows-amd64-cygwin\jdk8u221\13320\hotspot\src\share\vm\prims\jvm.cpp, line 1502]

Events (10 events):
Event: 258.732 Executing VM operation: GetOwnedMonitorInfo done
Event: 268.476 Executing VM operation: ChangeBreakpoints
Event: 268.476 Executing VM operation: ChangeBreakpoints done
Event: 268.477 Executing VM operation: ChangeBreakpoints
Event: 268.477 Executing VM operation: ChangeBreakpoints done
Event: 272.186 Executing VM operation: GetCurrentContendedMonitor
Event: 272.186 Executing VM operation: GetCurrentContendedMonitor done
Event: 272.187 Executing VM operation: GetOwnedMonitorInfo
Event: 272.187 Executing VM operation: GetOwnedMonitorInfo done
Event: 277.146 Executing VM operation: GetOrSetLocal


Dynamic libraries:
0x00007ff7241f0000 - 0x00007ff724227000 	D:\JDK\8\bin\javaw.exe
0x00007fff56ea0000 - 0x00007fff57090000 	C:\WINDOWS\SYSTEM32\ntdll.dll
0x00007fff560a0000 - 0x00007fff56152000 	C:\WINDOWS\System32\KERNEL32.DLL
0x00007fff54800000 - 0x00007fff54aa3000 	C:\WINDOWS\System32\KERNELBASE.dll
0x00007fff56460000 - 0x00007fff56503000 	C:\WINDOWS\System32\ADVAPI32.dll
0x00007fff54f50000 - 0x00007fff54fee000 	C:\WINDOWS\System32\msvcrt.dll
0x00007fff55dd0000 - 0x00007fff55e67000 	C:\WINDOWS\System32\sechost.dll
0x00007fff55cb0000 - 0x00007fff55dd0000 	C:\WINDOWS\System32\RPCRT4.dll
0x00007fff55ec0000 - 0x00007fff56053000 	C:\WINDOWS\System32\USER32.dll
0x00007fff54660000 - 0x00007fff54681000 	C:\WINDOWS\System32\win32u.dll
0x00007fff55e90000 - 0x00007fff55eb6000 	C:\WINDOWS\System32\GDI32.dll
0x00007fff54c30000 - 0x00007fff54dc4000 	C:\WINDOWS\System32\gdi32full.dll
0x00007fff54dd0000 - 0x00007fff54e6e000 	C:\WINDOWS\System32\msvcp_win.dll
0x00007fff54700000 - 0x00007fff547fa000 	C:\WINDOWS\System32\ucrtbase.dll
0x00007fff470d0000 - 0x00007fff47355000 	C:\WINDOWS\WinSxS\amd64_microsoft.windows.common-controls_6595b64144ccf1df_6.0.18362.356_none_e6c4af7d130f27cc\COMCTL32.dll
0x00007fff55960000 - 0x00007fff55c96000 	C:\WINDOWS\System32\combase.dll
0x00007fff54ed0000 - 0x00007fff54f50000 	C:\WINDOWS\System32\bcryptPrimitives.dll
0x00007fff56060000 - 0x00007fff5608e000 	C:\WINDOWS\System32\IMM32.DLL
0x000000005e3e0000 - 0x000000005e4b2000 	D:\JDK\8\jre\bin\msvcr100.dll
0x000000005cc10000 - 0x000000005d4b5000 	D:\JDK\8\jre\bin\server\jvm.dll
0x00007fff55ca0000 - 0x00007fff55ca8000 	C:\WINDOWS\System32\PSAPI.DLL
0x00007fff475c0000 - 0x00007fff475e4000 	C:\WINDOWS\SYSTEM32\WINMM.dll
0x00007fff47370000 - 0x00007fff4737a000 	C:\WINDOWS\SYSTEM32\VERSION.dll
0x00007fff438a0000 - 0x00007fff438a9000 	C:\WINDOWS\SYSTEM32\WSOCK32.dll
0x00007fff56c00000 - 0x00007fff56c6f000 	C:\WINDOWS\System32\WS2_32.dll
0x00007fff47380000 - 0x00007fff473ad000 	C:\WINDOWS\SYSTEM32\winmmbase.dll
0x00007fff546b0000 - 0x00007fff546fa000 	C:\WINDOWS\System32\cfgmgr32.dll
0x00007fff48730000 - 0x00007fff4873f000 	D:\JDK\8\jre\bin\verify.dll
0x00007fff47470000 - 0x00007fff47499000 	D:\JDK\8\jre\bin\java.dll
0x00007fff4abb0000 - 0x00007fff4abe5000 	D:\JDK\8\jre\bin\jdwp.dll
0x00007fff4aba0000 - 0x00007fff4aba8000 	D:\JDK\8\jre\bin\npt.dll
0x00007fff47450000 - 0x00007fff47466000 	D:\JDK\8\jre\bin\zip.dll
0x00007fff56510000 - 0x00007fff56bf5000 	C:\WINDOWS\System32\SHELL32.dll
0x00007fff56db0000 - 0x00007fff56e59000 	C:\WINDOWS\System32\shcore.dll
0x00007fff53e30000 - 0x00007fff545ae000 	C:\WINDOWS\System32\windows.storage.dll
0x00007fff53e10000 - 0x00007fff53e2f000 	C:\WINDOWS\System32\profapi.dll
0x00007fff53dc0000 - 0x00007fff53e0a000 	C:\WINDOWS\System32\powrprof.dll
0x00007fff53d70000 - 0x00007fff53d80000 	C:\WINDOWS\System32\UMPDC.dll
0x00007fff56d50000 - 0x00007fff56da2000 	C:\WINDOWS\System32\shlwapi.dll
0x00007fff53d80000 - 0x00007fff53d91000 	C:\WINDOWS\System32\kernel.appcore.dll
0x00007fff54690000 - 0x00007fff546a7000 	C:\WINDOWS\System32\cryptsp.dll
0x00007fff47520000 - 0x00007fff47529000 	D:\JDK\8\jre\bin\dt_socket.dll
0x00007fff2e4f0000 - 0x00007fff2e506000 	C:\WINDOWS\system32\napinsp.dll
0x00007fff2ade0000 - 0x00007fff2adfa000 	C:\WINDOWS\system32\pnrpnsp.dll
0x00007fff53580000 - 0x00007fff535e7000 	C:\WINDOWS\System32\mswsock.dll
0x00007fff532d0000 - 0x00007fff5339a000 	C:\WINDOWS\SYSTEM32\DNSAPI.dll
0x00007fff56c70000 - 0x00007fff56c78000 	C:\WINDOWS\System32\NSI.dll
0x00007fff53290000 - 0x00007fff532ca000 	C:\WINDOWS\SYSTEM32\IPHLPAPI.DLL
0x00007fff37890000 - 0x00007fff3789e000 	C:\WINDOWS\System32\winrnr.dll
0x00007fff4afe0000 - 0x00007fff4affc000 	C:\WINDOWS\system32\NLAapi.dll
0x00007fff4c980000 - 0x00007fff4c995000 	C:\WINDOWS\system32\wshbth.dll
0x00007fff47d20000 - 0x00007fff47d97000 	C:\WINDOWS\System32\fwpuclnt.dll
0x00007fff54ab0000 - 0x00007fff54ad6000 	C:\WINDOWS\System32\bcrypt.dll
0x00007fff4afc0000 - 0x00007fff4afca000 	C:\Windows\System32\rasadhlp.dll

VM Arguments:
jvm_args: -agentlib:jdwp=transport=dt_socket,suspend=y,address=localhost:54908 -Dfile.encoding=GBK 
java_command: Main
java_class_path (initial): D:\java练习\Thimbles\bin
Launcher Type: SUN_STANDARD

Environment Variables:
JAVA_HOME=D:\JDK\8
CLASSPATH=D:\JDK\8\lib\dt.jar;D:\JDK\8\lib\tools.jar
PATH=D:/JDK/8/bin/../jre/bin/server;D:/JDK/8/bin/../jre/bin;D:/JDK/8/bin/../jre/lib/amd64;C:\Program Files\Python37\Scripts\;C:\Program Files\Python37\;C:\Program Files (x86)\Intel\Intel(R) Management Engine Components\iCLS\;C:\Program Files\Intel\Intel(R) Management Engine Components\iCLS\;C:\Windows\system32;C:\Windows;C:\Windows\System32\Wbem;C:\Windows\System32\WindowsPowerShell\v1.0\;C:\Windows\System32\OpenSSH\;C:\Program Files (x86)\Intel\Intel(R) Management Engine Components\DAL;C:\Program Files\Intel\Intel(R) Management Engine Components\DAL;C:\Program Files (x86)\Intel\Intel(R) Management Engine Components\IPT;C:\Program Files\Intel\Intel(R) Management Engine Components\IPT;C:\Program Files (x86)\NVIDIA Corporation\PhysX\Common;C:\Program Files (x86)\Microsoft SQL Server\100\Tools\Binn\;C:\Program Files\Microsoft SQL Server\100\Tools\Binn\;C:\Program Files\Microsoft SQL Server\100\DTS\Binn\;D:\JDK\8\bin;D:\JDK\8\jre\bin;;C:\WINDOWS\system32;C:\WINDOWS;C:\WINDOWS\System32\Wbem;C:\WINDOWS\System32\WindowsPowerShell\v1.0\;C:\WINDOWS\System32\OpenSSH\;C:\Users\冷亚麻色的？\AppData\Local\Microsoft\WindowsApps;C:\Program Files\Bandizip\;;D:\PyCharm Community Edition 2019.2.3\bin;;D:\eclipse-jee-neon-3-win32-x86_64\eclipse;
USERNAME=冷亚麻色的？
OS=Windows_NT
PROCESSOR_IDENTIFIER=Intel64 Family 6 Model 142 Stepping 10, GenuineIntel



---------------  S Y S T E M  ---------------

OS: Windows 10.0 , 64 bit Build 18362 (10.0.18362.329)

CPU:total 8 (initial active 8) (4 cores per cpu, 2 threads per core) family 6 model 142 stepping 10, cmov, cx8, fxsr, mmx, sse, sse2, sse3, ssse3, sse4.1, sse4.2, popcnt, avx, avx2, aes, clmul, erms, 3dnowpref, lzcnt, ht, tsc, tscinvbit, bmi1, bmi2, adx

Memory: 4k page, physical 8283460k(3247012k free), swap 14050628k(4058748k free)

vm_info: Java HotSpot(TM) 64-Bit Server VM (25.221-b11) for windows-amd64 JRE (1.8.0_221-b11), built on Jul  4 2019 04:39:29 by "java_re" with MS VC++ 10.0 (VS2010)

time: Fri Oct 11 15:50:02 2019
timezone: 中国标准时间
elapsed time: 277 seconds (0d 0h 4m 37s)

